Changed directory to /rds/project/rs2099/rds-rs2099-toxgenomics/sita_eisa/GSE116220.

JobID: 28017222
======
Time: Sat 29 Aug 00:39:48 BST 2020
Running on master node: cpu-e-698
Current directory: /rds/project/rs2099/rds-rs2099-toxgenomics/sita_eisa/GSE116220

Nodes allocated:
================
cpu-e-698

numtasks=1, numnodes=1, mpi_tasks_per_node=1 (OMP_NUM_THREADS=1)

Executing command:
==================
mpirun -ppn 1 -np 1 python3 /home/xwy21/project/sita_eisa/script/01_download_fastqgz.py -m SraRunTable_GSE116220.txt -c source_name

Completed: 2158099K bytes transferred in 45 seconds
 (384365K bits/sec), in 1 file.
‘SRR7420242.fq.gz’ -> ‘GSM3214060_unstim_WT4.fq.gz’
Completed: 2127392K bytes transferred in 36 seconds
 (479695K bits/sec), in 1 file.
‘SRR7420243.fq.gz’ -> ‘GSM3214061_unstim_WT5.fq.gz’
Completed: 2606714K bytes transferred in 50 seconds
 (421292K bits/sec), in 1 file.
‘SRR7420244.fq.gz’ -> ‘GSM3214062_unstim_WT6.fq.gz’
Completed: 1750331K bytes transferred in 37 seconds
 (380700K bits/sec), in 1 file.
‘SRR7420245.fq.gz’ -> ‘GSM3214063_unstim_WT7.fq.gz’
Completed: 2317974K bytes transferred in 41 seconds
 (454702K bits/sec), in 1 file.
‘SRR7420246.fq.gz’ -> ‘GSM3214064_unstim_WT8.fq.gz’
Completed: 3320200K bytes transferred in 57 seconds
 (471508K bits/sec), in 1 file.
‘SRR7420247.fq.gz’ -> ‘GSM3214065_unstim_WT9.fq.gz’
Completed: 3815878K bytes transferred in 63 seconds
 (491509K bits/sec), in 1 file.
‘SRR7420248.fq.gz’ -> ‘GSM3214066_0.5hr_WT4.fq.gz’
Completed: 2450829K bytes transferred in 38 seconds
 (521698K bits/sec), in 1 file.
‘SRR7420249.fq.gz’ -> ‘GSM3214067_0.5hr_WT5.fq.gz’
Completed: 1935295K bytes transferred in 26 seconds
 (590483K bits/sec), in 1 file.
‘SRR7420250.fq.gz’ -> ‘GSM3214068_0.5hr_WT6.fq.gz’
Completed: 3276685K bytes transferred in 41 seconds
 (649844K bits/sec), in 1 file.
‘SRR7420251.fq.gz’ -> ‘GSM3214069_0.5hr_WT7.fq.gz’
Completed: 1561245K bytes transferred in 24 seconds
 (522948K bits/sec), in 1 file.
‘SRR7420252.fq.gz’ -> ‘GSM3214070_0.5hr_WT8.fq.gz’
Completed: 1265510K bytes transferred in 18 seconds
 (547360K bits/sec), in 1 file.
‘SRR7420253.fq.gz’ -> ‘GSM3214071_0.5hr_WT9.fq.gz’
Completed: 1836428K bytes transferred in 25 seconds
 (588689K bits/sec), in 1 file.
‘SRR7420254.fq.gz’ -> ‘GSM3214072_1hr_WT4.fq.gz’
Completed: 2374820K bytes transferred in 32 seconds
 (601486K bits/sec), in 1 file.
‘SRR7420255.fq.gz’ -> ‘GSM3214073_1hr_WT5.fq.gz’
Completed: 2606117K bytes transferred in 38 seconds
 (552287K bits/sec), in 1 file.
‘SRR7420256.fq.gz’ -> ‘GSM3214074_1hr_WT6.fq.gz’
Completed: 2180385K bytes transferred in 43 seconds
 (406974K bits/sec), in 1 file.
‘SRR7420257.fq.gz’ -> ‘GSM3214075_1hr_WT7.fq.gz’
Completed: 3382593K bytes transferred in 48 seconds
 (573266K bits/sec), in 1 file.
‘SRR7420258.fq.gz’ -> ‘GSM3214076_1hr_WT8.fq.gz’
Completed: 3062339K bytes transferred in 41 seconds
 (610200K bits/sec), in 1 file.
‘SRR7420259.fq.gz’ -> ‘GSM3214077_1hr_WT9.fq.gz’
Completed: 3531228K bytes transferred in 42 seconds
 (680127K bits/sec), in 1 file.
‘SRR7420260.fq.gz’ -> ‘GSM3214078_2hr_WT4.fq.gz’
Completed: 2039765K bytes transferred in 27 seconds
 (605853K bits/sec), in 1 file.
‘SRR7420261.fq.gz’ -> ‘GSM3214079_2hr_WT5.fq.gz’
Completed: 2976464K bytes transferred in 39 seconds
 (617119K bits/sec), in 1 file.
‘SRR7420262.fq.gz’ -> ‘GSM3214080_2hr_WT6.fq.gz’
Completed: 2467010K bytes transferred in 31 seconds
 (640641K bits/sec), in 1 file.
‘SRR7420263.fq.gz’ -> ‘GSM3214081_2hr_WT7.fq.gz’
Completed: 2092054K bytes transferred in 26 seconds
 (645485K bits/sec), in 1 file.
‘SRR7420264.fq.gz’ -> ‘GSM3214082_unstim_TPL1.fq.gz’
Completed: 3583319K bytes transferred in 71 seconds
 (412934K bits/sec), in 1 file.
‘SRR7420265.fq.gz’ -> ‘GSM3214083_unstim_TPL2.fq.gz’
Completed: 2579408K bytes transferred in 41 seconds
 (508275K bits/sec), in 1 file.
‘SRR7420266.fq.gz’ -> ‘GSM3214084_unstim_TPL3.fq.gz’
Completed: 3300753K bytes transferred in 35 seconds
 (754432K bits/sec), in 1 file.
‘SRR7420267.fq.gz’ -> ‘GSM3214085_unstim_TPL4.fq.gz’
Completed: 2538246K bytes transferred in 27 seconds
 (759260K bits/sec), in 1 file.
‘SRR7420268.fq.gz’ -> ‘GSM3214086_unstim_TPL5.fq.gz’
Completed: 2793049K bytes transferred in 34 seconds
 (654000K bits/sec), in 1 file.
‘SRR7420269.fq.gz’ -> ‘GSM3214087_unstim_TPL6.fq.gz’
Completed: 4629710K bytes transferred in 46 seconds
 (822929K bits/sec), in 1 file.
‘SRR7420270.fq.gz’ -> ‘GSM3214088_0.5hr_TPL1.fq.gz’
Completed: 2638232K bytes transferred in 29 seconds
 (729121K bits/sec), in 1 file.
‘SRR7420271.fq.gz’ -> ‘GSM3214089_0.5hr_TPL2.fq.gz’
Completed: 2638235K bytes transferred in 35 seconds
 (617430K bits/sec), in 1 file.
‘SRR7420272.fq.gz’ -> ‘GSM3214090_0.5hr_TPL3.fq.gz’
Completed: 2343196K bytes transferred in 32 seconds
 (588717K bits/sec), in 1 file.
‘SRR7420273.fq.gz’ -> ‘GSM3214091_0.5hr_TPL4.fq.gz’
Completed: 2743970K bytes transferred in 30 seconds
 (735324K bits/sec), in 1 file.
‘SRR7420274.fq.gz’ -> ‘GSM3214092_0.5hr_TPL5.fq.gz’
Completed: 3188280K bytes transferred in 37 seconds
 (703379K bits/sec), in 1 file.
‘SRR7420275.fq.gz’ -> ‘GSM3214093_0.5hr_TPL6.fq.gz’
Completed: 3465292K bytes transferred in 38 seconds
 (733563K bits/sec), in 1 file.
‘SRR7420276.fq.gz’ -> ‘GSM3214094_1hr_TPL1.fq.gz’
Completed: 3618439K bytes transferred in 39 seconds
 (742915K bits/sec), in 1 file.
‘SRR7420277.fq.gz’ -> ‘GSM3214095_1hr_TPL2.fq.gz’
Completed: 3467452K bytes transferred in 40 seconds
 (709810K bits/sec), in 1 file.
‘SRR7420278.fq.gz’ -> ‘GSM3214096_1hr_TPL3.fq.gz’
Completed: 1978880K bytes transferred in 23 seconds
 (693888K bits/sec), in 1 file.
‘SRR7420279.fq.gz’ -> ‘GSM3214097_1hr_TPL4.fq.gz’
Completed: 3398734K bytes transferred in 71 seconds
 (392092K bits/sec), in 1 file.
‘SRR7420280.fq.gz’ -> ‘GSM3214098_1hr_TPL5.fq.gz’
Completed: 2429963K bytes transferred in 27 seconds
 (730728K bits/sec), in 1 file.
‘SRR7420281.fq.gz’ -> ‘GSM3214099_1hr_TPL6.fq.gz’
Completed: 3575223K bytes transferred in 38 seconds
 (770214K bits/sec), in 1 file.
‘SRR7420282.fq.gz’ -> ‘GSM3214100_2hr_TPL1.fq.gz’
Completed: 2722783K bytes transferred in 27 seconds
 (821349K bits/sec), in 1 file.
‘SRR7420283.fq.gz’ -> ‘GSM3214101_2hr_TPL2.fq.gz’
Completed: 2579677K bytes transferred in 27 seconds
 (771751K bits/sec), in 1 file.
‘SRR7420284.fq.gz’ -> ‘GSM3214102_2hr_TPL3.fq.gz’
Completed: 3119032K bytes transferred in 34 seconds
 (749454K bits/sec), in 1 file.
‘SRR7420285.fq.gz’ -> ‘GSM3214103_2hr_TPL4.fq.gz’
Completed: 2846461K bytes transferred in 33 seconds
 (705526K bits/sec), in 1 file.
‘SRR7420286.fq.gz’ -> ‘GSM3214104_2hr_TPL5.fq.gz’
Completed: 3735511K bytes transferred in 63 seconds
 (478752K bits/sec), in 1 file.
‘SRR7420287.fq.gz’ -> ‘GSM3214105_2hr_TPL6.fq.gz’
Completed: 2028930K bytes transferred in 24 seconds
 (675362K bits/sec), in 1 file.
‘SRR7420288.fq.gz’ -> ‘GSM3214106_unstim_dKO1_elksap.fq.gz’
Completed: 676549K bytes transferred in 11 seconds
 (494767K bits/sec), in 1 file.
‘SRR7420289.fq.gz’ -> ‘GSM3214107_unstim_dKO2_elksap.fq.gz’
Completed: 634163K bytes transferred in 11 seconds
 (458707K bits/sec), in 1 file.
‘SRR7420290.fq.gz’ -> ‘GSM3214108_unstim_dKO3_elksap.fq.gz’
Completed: 2158639K bytes transferred in 36 seconds
 (486777K bits/sec), in 1 file.
‘SRR7420291.fq.gz’ -> ‘GSM3214109_unstim_dKO4_elksap.fq.gz’
Completed: 1575343K bytes transferred in 21 seconds
 (603955K bits/sec), in 1 file.
‘SRR7420292.fq.gz’ -> ‘GSM3214110_0.5hr_dKO1_elksap.fq.gz’
Completed: 1298983K bytes transferred in 18 seconds
 (577902K bits/sec), in 1 file.
‘SRR7420293.fq.gz’ -> ‘GSM3214111_0.5hr_dKO2_elksap.fq.gz’
Completed: 2499559K bytes transferred in 34 seconds
 (596383K bits/sec), in 1 file.
‘SRR7420294.fq.gz’ -> ‘GSM3214112_0.5hr_dKO3_elksap.fq.gz’
Completed: 1569468K bytes transferred in 19 seconds
 (648340K bits/sec), in 1 file.
‘SRR7420295.fq.gz’ -> ‘GSM3214113_0.5hr_dKO4_elksap.fq.gz’
Completed: 1081613K bytes transferred in 17 seconds
 (512516K bits/sec), in 1 file.
‘SRR7420296.fq.gz’ -> ‘GSM3214114_1hr_dKO1_elksap.fq.gz’
Completed: 1394167K bytes transferred in 24 seconds
 (467166K bits/sec), in 1 file.
‘SRR7420297.fq.gz’ -> ‘GSM3214115_1hr_dKO2_elksap.fq.gz’
Completed: 2506430K bytes transferred in 30 seconds
 (680740K bits/sec), in 1 file.
‘SRR7420298.fq.gz’ -> ‘GSM3214116_1hr_dKO3_elksap.fq.gz’
Completed: 1423025K bytes transferred in 18 seconds
 (614479K bits/sec), in 1 file.
‘SRR7420299.fq.gz’ -> ‘GSM3214117_1hr_dKO4_elksap.fq.gz’
Completed: 2043144K bytes transferred in 30 seconds
 (541803K bits/sec), in 1 file.
‘SRR7420300.fq.gz’ -> ‘GSM3214118_2hr_dKO1_elksap.fq.gz’
Completed: 2754231K bytes transferred in 36 seconds
 (619203K bits/sec), in 1 file.
‘SRR7420301.fq.gz’ -> ‘GSM3214119_2hr_dKO2_elksap.fq.gz’
Completed: 2077698K bytes transferred in 27 seconds
 (616643K bits/sec), in 1 file.
‘SRR7420302.fq.gz’ -> ‘GSM3214120_2hr_dKO3_elksap.fq.gz’
Completed: 1319277K bytes transferred in 16 seconds
 (639309K bits/sec), in 1 file.
‘SRR7420303.fq.gz’ -> ‘GSM3214121_2hr_dKO4_elksap.fq.gz’
Completed: 1463985K bytes transferred in 20 seconds
 (589912K bits/sec), in 1 file.
‘SRR7420304.fq.gz’ -> ‘GSM3214122_PD_DMSO1.fq.gz’
Completed: 1692331K bytes transferred in 21 seconds
 (645611K bits/sec), in 1 file.
‘SRR7420305.fq.gz’ -> ‘GSM3214123_PD_DMSO2.fq.gz’
Completed: 1515187K bytes transferred in 17 seconds
 (689971K bits/sec), in 1 file.
‘SRR7420306.fq.gz’ -> ‘GSM3214124_PD_DMSO3.fq.gz’
Completed: 1270878K bytes transferred in 17 seconds
 (592523K bits/sec), in 1 file.
‘SRR7420307.fq.gz’ -> ‘GSM3214125_PD1_0hr.fq.gz’
Completed: 1488980K bytes transferred in 19 seconds
 (612435K bits/sec), in 1 file.
‘SRR7420308.fq.gz’ -> ‘GSM3214126_PD2_0hr.fq.gz’
Completed: 1365083K bytes transferred in 19 seconds
 (577395K bits/sec), in 1 file.
‘SRR7420309.fq.gz’ -> ‘GSM3214127_PD3_0hr.fq.gz’
Completed: 1052294K bytes transferred in 16 seconds
 (531267K bits/sec), in 1 file.
‘SRR7420310.fq.gz’ -> ‘GSM3214128_PD1_0.5hr.fq.gz’
Completed: 1082243K bytes transferred in 15 seconds
 (566909K bits/sec), in 1 file.
‘SRR7420311.fq.gz’ -> ‘GSM3214129_PD2_0.5hr.fq.gz’
Completed: 1028398K bytes transferred in 18 seconds
 (462819K bits/sec), in 1 file.
‘SRR7420312.fq.gz’ -> ‘GSM3214130_PD3_0.5hr.fq.gz’
Completed: 1178743K bytes transferred in 18 seconds
 (511938K bits/sec), in 1 file.
‘SRR7420313.fq.gz’ -> ‘GSM3214131_PD1_1hr.fq.gz’
Completed: 943527K bytes transferred in 16 seconds
 (457714K bits/sec), in 1 file.
‘SRR7420314.fq.gz’ -> ‘GSM3214132_PD2_1hr.fq.gz’
Completed: 883181K bytes transferred in 13 seconds
 (549184K bits/sec), in 1 file.
‘SRR7420315.fq.gz’ -> ‘GSM3214133_PD3_1hr.fq.gz’
Completed: 1602382K bytes transferred in 23 seconds
 (558005K bits/sec), in 1 file.
‘SRR7420316.fq.gz’ -> ‘GSM3214134_PD1_LPS_0.5hr.fq.gz’
Completed: 1951579K bytes transferred in 40 seconds
 (391927K bits/sec), in 1 file.
‘SRR7420317.fq.gz’ -> ‘GSM3214135_PD2_LPS_0.5hr.fq.gz’
Completed: 1942784K bytes transferred in 42 seconds
 (374449K bits/sec), in 1 file.
‘SRR7420318.fq.gz’ -> ‘GSM3214136_PD3_LPS_0.5hr.fq.gz’
Completed: 1745286K bytes transferred in 34 seconds
 (414164K bits/sec), in 1 file.
‘SRR7420319.fq.gz’ -> ‘GSM3214137_PD4_LPS_0.5hr.fq.gz’
Completed: 1319434K bytes transferred in 28 seconds
 (374733K bits/sec), in 1 file.
‘SRR7420320.fq.gz’ -> ‘GSM3214138_PD5_LPS_0.5hr.fq.gz’
Completed: 1597851K bytes transferred in 40 seconds
 (326936K bits/sec), in 1 file.
‘SRR7420321.fq.gz’ -> ‘GSM3214139_PD6_LPS_0.5hr.fq.gz’
Completed: 1369008K bytes transferred in 40 seconds
 (277355K bits/sec), in 1 file.
‘SRR7420322.fq.gz’ -> ‘GSM3214140_PD1_LPS_1hr.fq.gz’
Completed: 1753886K bytes transferred in 38 seconds
 (373092K bits/sec), in 1 file.
‘SRR7420323.fq.gz’ -> ‘GSM3214141_PD2_LPS_1hr.fq.gz’
Completed: 1862247K bytes transferred in 62 seconds
 (245670K bits/sec), in 1 file.
(1/119) Processing GSM3214060...
Downloading SRR7420242...
Renaming fastq files for GSM3214060...
(2/119) Processing GSM3214061...
Downloading SRR7420243...
Renaming fastq files for GSM3214061...
(3/119) Processing GSM3214062...
Downloading SRR7420244...
Renaming fastq files for GSM3214062...
(4/119) Processing GSM3214063...
Downloading SRR7420245...
Renaming fastq files for GSM3214063...
(5/119) Processing GSM3214064...
Downloading SRR7420246...
Renaming fastq files for GSM3214064...
(6/119) Processing GSM3214065...
Downloading SRR7420247...
Renaming fastq files for GSM3214065...
(7/119) Processing GSM3214066...
Downloading SRR7420248...
Renaming fastq files for GSM3214066...
(8/119) Processing GSM3214067...
Downloading SRR7420249...
Renaming fastq files for GSM3214067...
(9/119) Processing GSM3214068...
Downloading SRR7420250...
Renaming fastq files for GSM3214068...
(10/119) Processing GSM3214069...
Downloading SRR7420251...
Renaming fastq files for GSM3214069...
(11/119) Processing GSM3214070...
Downloading SRR7420252...
Renaming fastq files for GSM3214070...
(12/119) Processing GSM3214071...
Downloading SRR7420253...
Renaming fastq files for GSM3214071...
(13/119) Processing GSM3214072...
Downloading SRR7420254...
Renaming fastq files for GSM3214072...
(14/119) Processing GSM3214073...
Downloading SRR7420255...
Renaming fastq files for GSM3214073...
(15/119) Processing GSM3214074...
Downloading SRR7420256...
Renaming fastq files for GSM3214074...
(16/119) Processing GSM3214075...
Downloading SRR7420257...
Renaming fastq files for GSM3214075...
(17/119) Processing GSM3214076...
Downloading SRR7420258...
Renaming fastq files for GSM3214076...
(18/119) Processing GSM3214077...
Downloading SRR7420259...
Renaming fastq files for GSM3214077...
(19/119) Processing GSM3214078...
Downloading SRR7420260...
Renaming fastq files for GSM3214078...
(20/119) Processing GSM3214079...
Downloading SRR7420261...
Renaming fastq files for GSM3214079...
(21/119) Processing GSM3214080...
Downloading SRR7420262...
Renaming fastq files for GSM3214080...
(22/119) Processing GSM3214081...
Downloading SRR7420263...
Renaming fastq files for GSM3214081...
(23/119) Processing GSM3214082...
Downloading SRR7420264...
Renaming fastq files for GSM3214082...
(24/119) Processing GSM3214083...
Downloading SRR7420265...
Renaming fastq files for GSM3214083...
(25/119) Processing GSM3214084...
Downloading SRR7420266...
Renaming fastq files for GSM3214084...
(26/119) Processing GSM3214085...
Downloading SRR7420267...
Renaming fastq files for GSM3214085...
(27/119) Processing GSM3214086...
Downloading SRR7420268...
Renaming fastq files for GSM3214086...
(28/119) Processing GSM3214087...
Downloading SRR7420269...
Renaming fastq files for GSM3214087...
(29/119) Processing GSM3214088...
Downloading SRR7420270...
Renaming fastq files for GSM3214088...
(30/119) Processing GSM3214089...
Downloading SRR7420271...
Renaming fastq files for GSM3214089...
(31/119) Processing GSM3214090...
Downloading SRR7420272...
Renaming fastq files for GSM3214090...
(32/119) Processing GSM3214091...
Downloading SRR7420273...
Renaming fastq files for GSM3214091...
(33/119) Processing GSM3214092...
Downloading SRR7420274...
Renaming fastq files for GSM3214092...
(34/119) Processing GSM3214093...
Downloading SRR7420275...
Renaming fastq files for GSM3214093...
(35/119) Processing GSM3214094...
Downloading SRR7420276...
Renaming fastq files for GSM3214094...
(36/119) Processing GSM3214095...
Downloading SRR7420277...
Renaming fastq files for GSM3214095...
(37/119) Processing GSM3214096...
Downloading SRR7420278...
Renaming fastq files for GSM3214096...
(38/119) Processing GSM3214097...
Downloading SRR7420279...
Renaming fastq files for GSM3214097...
(39/119) Processing GSM3214098...
Downloading SRR7420280...
Renaming fastq files for GSM3214098...
(40/119) Processing GSM3214099...
Downloading SRR7420281...
Renaming fastq files for GSM3214099...
(41/119) Processing GSM3214100...
Downloading SRR7420282...
Renaming fastq files for GSM3214100...
(42/119) Processing GSM3214101...
Downloading SRR7420283...
Renaming fastq files for GSM3214101...
(43/119) Processing GSM3214102...
Downloading SRR7420284...
Renaming fastq files for GSM3214102...
(44/119) Processing GSM3214103...
Downloading SRR7420285...
Renaming fastq files for GSM3214103...
(45/119) Processing GSM3214104...
Downloading SRR7420286...
Renaming fastq files for GSM3214104...
(46/119) Processing GSM3214105...
Downloading SRR7420287...
Renaming fastq files for GSM3214105...
(47/119) Processing GSM3214106...
Downloading SRR7420288...
Renaming fastq files for GSM3214106...
(48/119) Processing GSM3214107...
Downloading SRR7420289...
Renaming fastq files for GSM3214107...
(49/119) Processing GSM3214108...
Downloading SRR7420290...
Renaming fastq files for GSM3214108...
(50/119) Processing GSM3214109...
Downloading SRR7420291...
Renaming fastq files for GSM3214109...
(51/119) Processing GSM3214110...
Downloading SRR7420292...
Renaming fastq files for GSM3214110...
(52/119) Processing GSM3214111...
Downloading SRR7420293...
Renaming fastq files for GSM3214111...
(53/119) Processing GSM3214112...
Downloading SRR7420294...
Renaming fastq files for GSM3214112...
(54/119) Processing GSM3214113...
Downloading SRR7420295...
Renaming fastq files for GSM3214113...
(55/119) Processing GSM3214114...
Downloading SRR7420296...
Renaming fastq files for GSM3214114...
(56/119) Processing GSM3214115...
Downloading SRR7420297...
Renaming fastq files for GSM3214115...
(57/119) Processing GSM3214116...
Downloading SRR7420298...
Renaming fastq files for GSM3214116...
(58/119) Processing GSM3214117...
Downloading SRR7420299...
Renaming fastq files for GSM3214117...
(59/119) Processing GSM3214118...
Downloading SRR7420300...
Renaming fastq files for GSM3214118...
(60/119) Processing GSM3214119...
Downloading SRR7420301...
Renaming fastq files for GSM3214119...
(61/119) Processing GSM3214120...
Downloading SRR7420302...
Renaming fastq files for GSM3214120...
(62/119) Processing GSM3214121...
Downloading SRR7420303...
Renaming fastq files for GSM3214121...
(63/119) Processing GSM3214122...
Downloading SRR7420304...
Renaming fastq files for GSM3214122...
(64/119) Processing GSM3214123...
Downloading SRR7420305...
Renaming fastq files for GSM3214123...
(65/119) Processing GSM3214124...
Downloading SRR7420306...
Renaming fastq files for GSM3214124...
(66/119) Processing GSM3214125...
Downloading SRR7420307...
Renaming fastq files for GSM3214125...
(67/119) Processing GSM3214126...
Downloading SRR7420308...
Renaming fastq files for GSM3214126...
(68/119) Processing GSM3214127...
Downloading SRR7420309...
Renaming fastq files for GSM3214127...
(69/119) Processing GSM3214128...
Downloading SRR7420310...
Renaming fastq files for GSM3214128...
(70/119) Processing GSM3214129...
Downloading SRR7420311...
Renaming fastq files for GSM3214129...
(71/119) Processing GSM3214130...
Downloading SRR7420312...
Renaming fastq files for GSM3214130...
(72/119) Processing GSM3214131...
Downloading SRR7420313...
Renaming fastq files for GSM3214131...
(73/119) Processing GSM3214132...
Downloading SRR7420314...
Renaming fastq files for GSM3214132...
(74/119) Processing GSM3214133...
Downloading SRR7420315...
Renaming fastq files for GSM3214133...
(75/119) Processing GSM3214134...
Downloading SRR7420316...
Renaming fastq files for GSM3214134...
(76/119) Processing GSM3214135...
Downloading SRR7420317...
Renaming fastq files for GSM3214135...
(77/119) Processing GSM3214136...
Downloading SRR7420318...
Renaming fastq files for GSM3214136...
(78/119) Processing GSM3214137...
Downloading SRR7420319...
Renaming fastq files for GSM3214137...
(79/119) Processing GSM3214138...
Downloading SRR7420320...
Renaming fastq files for GSM3214138...
(80/119) Processing GSM3214139...
Downloading SRR7420321...
Renaming fastq files for GSM3214139...
(81/119) Processing GSM3214140...
Downloading SRR7420322...
Renaming fastq files for GSM3214140...
(82/119) Processing GSM3214141...
Downloading SRR7420323...
Renaming fastq files for GSM3214141...
(83/119) Processing GSM3214142...
Downloading SRR7420324...
Renaming fastq files for GSM3214142...‘SRR7420324.fq.gz’ -> ‘GSM3214142_PD3_LPS_1hr.fq.gz’
Completed: 1282232K bytes transferred in 39 seconds
 (263646K bits/sec), in 1 file.
‘SRR7420325.fq.gz’ -> ‘GSM3214143_PD4_LPS_1hr.fq.gz’
Completed: 1245571K bytes transferred in 42 seconds
 (242044K bits/sec), in 1 file.
‘SRR7420326.fq.gz’ -> ‘GSM3214144_PD5_LPS_1hr.fq.gz’
Completed: 1379156K bytes transferred in 57 seconds
 (196682K bits/sec), in 1 file.
‘SRR7420327.fq.gz’ -> ‘GSM3214145_PD6_LPS_1hr.fq.gz’
Completed: 708945K bytes transferred in 30 seconds
 (188819K bits/sec), in 1 file.
‘SRR7420328.fq.gz’ -> ‘GSM3214146_unstim_RSKi47.1_0h.fq.gz’
Completed: 722860K bytes transferred in 29 seconds
 (204081K bits/sec), in 1 file.
‘SRR7420329.fq.gz’ -> ‘GSM3214147_unstim_RSKi47.2_0h.fq.gz’
Completed: 661706K bytes transferred in 31 seconds
 (172633K bits/sec), in 1 file.
‘SRR7420330.fq.gz’ -> ‘GSM3214148_unstim_RSKi47.3_0h.fq.gz’
Completed: 629818K bytes transferred in 26 seconds
 (195336K bits/sec), in 1 file.
‘SRR7420331.fq.gz’ -> ‘GSM3214149_unstim_RSKi47.4_0h.fq.gz’
Completed: 676648K bytes transferred in 39 seconds
 (141853K bits/sec), in 1 file.
‘SRR7420332.fq.gz’ -> ‘GSM3214150_stim_RSKi47.1_0.5h.fq.gz’
Completed: 746990K bytes transferred in 45 seconds
 (135283K bits/sec), in 1 file.
‘SRR7420333.fq.gz’ -> ‘GSM3214151_stim_RSKi47.2_0.5h.fq.gz’
Completed: 735941K bytes transferred in 23 seconds
 (261803K bits/sec), in 1 file.
‘SRR7420334.fq.gz’ -> ‘GSM3214152_stim_RSKi47.3_0.5h.fq.gz’
Completed: 671044K bytes transferred in 37 seconds
 (146671K bits/sec), in 1 file.
‘SRR7420335.fq.gz’ -> ‘GSM3214153_stim_RSKi47.1_1h.fq.gz’
Completed: 632558K bytes transferred in 67 seconds
 (76236K bits/sec), in 1 file.
‘SRR7420336.fq.gz’ -> ‘GSM3214154_stim_RSKi47.2_1h.fq.gz’
Completed: 677903K bytes transferred in 37 seconds
 (147006K bits/sec), in 1 file.
‘SRR7420337.fq.gz’ -> ‘GSM3214155_stim_RSKi47.3_1h.fq.gz’
Completed: 654508K bytes transferred in 54 seconds
 (99250K bits/sec), in 1 file.
‘SRR7420338.fq.gz’ -> ‘GSM3214156_stim_RSKi47.4_1h.fq.gz’
Completed: 674351K bytes transferred in 39 seconds
 (140592K bits/sec), in 1 file.
‘SRR7420339.fq.gz’ -> ‘GSM3214157_stim_RSKi47.1_2h.fq.gz’
Completed: 662339K bytes transferred in 39 seconds
 (135914K bits/sec), in 1 file.
‘SRR7420340.fq.gz’ -> ‘GSM3214158_stim_RSKi47.2_2h.fq.gz’
Completed: 581945K bytes transferred in 41 seconds
 (114043K bits/sec), in 1 file.
‘SRR7420341.fq.gz’ -> ‘GSM3214159_stim_RSKi47.3_2h.fq.gz’
Completed: 657978K bytes transferred in 36 seconds
 (149583K bits/sec), in 1 file.
‘SRR7420342.fq.gz’ -> ‘GSM3214160_stim_RSKi47.4_2h.fq.gz’
Completed: 619401K bytes transferred in 64 seconds
 (78865K bits/sec), in 1 file.
‘SRR7420343.fq.gz’ -> ‘GSM3214161_p105AA_1_0hr.fq.gz’
Completed: 676082K bytes transferred in 30 seconds
 (184323K bits/sec), in 1 file.
‘SRR7420344.fq.gz’ -> ‘GSM3214162_p105AA_2_0hr.fq.gz’
Completed: 557463K bytes transferred in 49 seconds
 (93157K bits/sec), in 1 file.
‘SRR7420345.fq.gz’ -> ‘GSM3214163_p105AA_3_0hr.fq.gz’
Completed: 689908K bytes transferred in 51 seconds
 (108923K bits/sec), in 1 file.
‘SRR7420346.fq.gz’ -> ‘GSM3214164_p105AA_4_0hr.fq.gz’
Completed: 803348K bytes transferred in 89 seconds
 (73754K bits/sec), in 1 file.
‘SRR7420347.fq.gz’ -> ‘GSM3214165_p105AA_5_0hr.fq.gz’
Completed: 731638K bytes transferred in 83 seconds
 (71829K bits/sec), in 1 file.
‘SRR7420348.fq.gz’ -> ‘GSM3214166_p105AA_6_0hr.fq.gz’
Completed: 728898K bytes transferred in 56 seconds
 (105539K bits/sec), in 1 file.
‘SRR7420349.fq.gz’ -> ‘GSM3214167_p105AA_1_0.5hr.fq.gz’
Completed: 758033K bytes transferred in 69 seconds
 (89634K bits/sec), in 1 file.
‘SRR7420350.fq.gz’ -> ‘GSM3214168_p105AA_2_0.5hr.fq.gz’
Completed: 855584K bytes transferred in 85 seconds
 (82456K bits/sec), in 1 file.
‘SRR7420351.fq.gz’ -> ‘GSM3214169_p105AA_3_0.5hr.fq.gz’
Completed: 679573K bytes transferred in 48 seconds
 (114240K bits/sec), in 1 file.
‘SRR7420352.fq.gz’ -> ‘GSM3214170_p105AA_4_0.5hr.fq.gz’
Completed: 879875K bytes transferred in 65 seconds
 (110770K bits/sec), in 1 file.
‘SRR7420353.fq.gz’ -> ‘GSM3214171_p105AA_5_0.5hr.fq.gz’
Completed: 925732K bytes transferred in 70 seconds
 (108158K bits/sec), in 1 file.
‘SRR7420354.fq.gz’ -> ‘GSM3214172_p105AA_6_0.5hr.fq.gz’
Completed: 712287K bytes transferred in 50 seconds
 (115347K bits/sec), in 1 file.
‘SRR7420355.fq.gz’ -> ‘GSM3214173_p105AA_1_1hr.fq.gz’
Completed: 714838K bytes transferred in 124 seconds
 (47183K bits/sec), in 1 file.
‘SRR7420356.fq.gz’ -> ‘GSM3214174_p105AA_2_1hr.fq.gz’
Completed: 644209K bytes transferred in 78 seconds
 (67044K bits/sec), in 1 file.
‘SRR7420357.fq.gz’ -> ‘GSM3214175_p105AA_3_1hr.fq.gz’
Completed: 898663K bytes transferred in 55 seconds
 (131834K bits/sec), in 1 file.
‘SRR7420358.fq.gz’ -> ‘GSM3214176_p105AA_4_1hr.fq.gz’
Completed: 765428K bytes transferred in 41 seconds
 (152643K bits/sec), in 1 file.
‘SRR7420359.fq.gz’ -> ‘GSM3214177_p105AA_5_1hr.fq.gz’
Completed: 715544K bytes transferred in 72 seconds
 (80351K bits/sec), in 1 file.
‘SRR7420360.fq.gz’ -> ‘GSM3214178_p105AA_6_1hr.fq.gz’

(84/119) Processing GSM3214143...
Downloading SRR7420325...
Renaming fastq files for GSM3214143...
(85/119) Processing GSM3214144...
Downloading SRR7420326...
Renaming fastq files for GSM3214144...
(86/119) Processing GSM3214145...
Downloading SRR7420327...
Renaming fastq files for GSM3214145...
(87/119) Processing GSM3214146...
Downloading SRR7420328...
Renaming fastq files for GSM3214146...
(88/119) Processing GSM3214147...
Downloading SRR7420329...
Renaming fastq files for GSM3214147...
(89/119) Processing GSM3214148...
Downloading SRR7420330...
Renaming fastq files for GSM3214148...
(90/119) Processing GSM3214149...
Downloading SRR7420331...
Renaming fastq files for GSM3214149...
(91/119) Processing GSM3214150...
Downloading SRR7420332...
Renaming fastq files for GSM3214150...
(92/119) Processing GSM3214151...
Downloading SRR7420333...
Renaming fastq files for GSM3214151...
(93/119) Processing GSM3214152...
Downloading SRR7420334...
Renaming fastq files for GSM3214152...
(94/119) Processing GSM3214153...
Downloading SRR7420335...
Renaming fastq files for GSM3214153...
(95/119) Processing GSM3214154...
Downloading SRR7420336...
Renaming fastq files for GSM3214154...
(96/119) Processing GSM3214155...
Downloading SRR7420337...
Renaming fastq files for GSM3214155...
(97/119) Processing GSM3214156...
Downloading SRR7420338...
Renaming fastq files for GSM3214156...
(98/119) Processing GSM3214157...
Downloading SRR7420339...
Renaming fastq files for GSM3214157...
(99/119) Processing GSM3214158...
Downloading SRR7420340...
Renaming fastq files for GSM3214158...
(100/119) Processing GSM3214159...
Downloading SRR7420341...
Renaming fastq files for GSM3214159...
(101/119) Processing GSM3214160...
Downloading SRR7420342...
Renaming fastq files for GSM3214160...
(102/119) Processing GSM3214161...
Downloading SRR7420343...
Renaming fastq files for GSM3214161...
(103/119) Processing GSM3214162...
Downloading SRR7420344...
Renaming fastq files for GSM3214162...
(104/119) Processing GSM3214163...
Downloading SRR7420345...
Renaming fastq files for GSM3214163...
(105/119) Processing GSM3214164...
Downloading SRR7420346...
Renaming fastq files for GSM3214164...
(106/119) Processing GSM3214165...
Downloading SRR7420347...
Renaming fastq files for GSM3214165...
(107/119) Processing GSM3214166...
Downloading SRR7420348...
Renaming fastq files for GSM3214166...
(108/119) Processing GSM3214167...
Downloading SRR7420349...
Renaming fastq files for GSM3214167...
(109/119) Processing GSM3214168...
Downloading SRR7420350...
Renaming fastq files for GSM3214168...
(110/119) Processing GSM3214169...
Downloading SRR7420351...
Renaming fastq files for GSM3214169...
(111/119) Processing GSM3214170...
Downloading SRR7420352...
Renaming fastq files for GSM3214170...
(112/119) Processing GSM3214171...
Downloading SRR7420353...
Renaming fastq files for GSM3214171...
(113/119) Processing GSM3214172...
Downloading SRR7420354...
Renaming fastq files for GSM3214172...
(114/119) Processing GSM3214173...
Downloading SRR7420355...
Renaming fastq files for GSM3214173...
(115/119) Processing GSM3214174...
Downloading SRR7420356...
Renaming fastq files for GSM3214174...
(116/119) Processing GSM3214175...
Downloading SRR7420357...
Renaming fastq files for GSM3214175...
(117/119) Processing GSM3214176...
Downloading SRR7420358...
Renaming fastq files for GSM3214176...
(118/119) Processing GSM3214177...
Downloading SRR7420359...
Renaming fastq files for GSM3214177...
(119/119) Processing GSM3214178...
Downloading SRR7420360...
Renaming fastq files for GSM3214178...
