Changed directory to /rds/project/rs2099/rds-rs2099-toxgenomics/sita/GSE123596.

JobID: 27887206
======
Time: Fri 28 Aug 01:56:21 BST 2020
Running on master node: cpu-e-150
Current directory: /rds/project/rs2099/rds-rs2099-toxgenomics/sita/GSE123596

Nodes allocated:
================
cpu-e-150

numtasks=1, numnodes=1, mpi_tasks_per_node=1 (OMP_NUM_THREADS=1)

Executing command:
==================
mpirun -ppn 1 -np 1 Rscript /home/xwy21/project/sita/script/02_alignment_and_counting.R -m SraRunTable_GSE123596.txt -t 16

QuasR sample file(s) already created.
Organism: Mus musculus
alignment files missing - need to:
    create 1 genomic alignment(s)
Testing the compute nodes...OK
Loading QuasR on the compute nodes...OK
Available cores:
cpu-e-150: 16
Performing genomic alignments for 1 samples. See progress in the log file:
/rds/project/rs2099/rds-rs2099-toxgenomics/sita/GSE123596/QuasR_log_6f5fe5b89034.txt
[bam_sort_core] merging from 1 files and 1 in-memory blocks...
[bam_sort_core] merging from 1 files and 1 in-memory blocks...
[bam_sort_core] merging from 1 files and 1 in-memory blocks...
[bam_sort_core] merging from 1 files and 1 in-memory blocks...
[bam_sort_core] merging from 1 files and 1 in-memory blocks...
[bam_sort_core] merging from 1 files and 1 in-memory blocks...
Genomic alignments have been created successfully

Reading reference gene model /rds/project/rs2099/rds-rs2099-toxgenomics/shared/mouse/mm10_Gencode_VM18.bed ... Done
Loading SAM/BAM file ...  Total 200000 usable reads were sampled


This is PairEnd Data
Fraction of reads failed to determine: 0.0395
Fraction of reads explained by "1++,1--,2+-,2-+": 0.0098
Fraction of reads explained by "1+-,1-+,2++,2--": 0.9507

Stranded: TRUE
extracting exon coordinates
total number of genes/exons: 55401/290643
removing overlapping/single-exon/ambiguous genes (28366)
creating filtered regions for 27035 genes (48.8%) with 198913 exons (68.4%)
preparing to run on 16 nodes...done
counting alignments...done
collapsing counts by query name...done
preparing to run on 16 nodes...done
counting alignments...done
