Changed directory to /rds/project/rs2099/rds-rs2099-toxgenomics/sita_eisa/GSE106789.

JobID: 28017241
======
Time: Sat 29 Aug 00:39:49 BST 2020
Running on master node: cpu-e-759
Current directory: /rds/project/rs2099/rds-rs2099-toxgenomics/sita_eisa/GSE106789

Nodes allocated:
================
cpu-e-759

numtasks=1, numnodes=1, mpi_tasks_per_node=1 (OMP_NUM_THREADS=1)

Executing command:
==================
mpirun -ppn 1 -np 1 python3 /home/xwy21/project/sita_eisa/script/01_download_fastqgz.py -m SraRunTable_GSE106789.txt -c Batch

Completed: 386414K bytes transferred in 10 seconds
 (303114K bits/sec), in 1 file.
‘SRR6281868.fq.gz’ -> ‘GSM2850276_batch1.fq.gz’
Completed: 922499K bytes transferred in 15 seconds
 (478286K bits/sec), in 1 file.
‘SRR6281869.fq.gz’ -> ‘GSM2850277_batch1.fq.gz’
Completed: 759035K bytes transferred in 16 seconds
 (387981K bits/sec), in 1 file.
‘SRR6281870.fq.gz’ -> ‘GSM2850278_batch1.fq.gz’
Completed: 362986K bytes transferred in 9 seconds
 (323038K bits/sec), in 1 file.
‘SRR6281872.fq.gz’ -> ‘GSM2850280_batch1.fq.gz’
Completed: 1421537K bytes transferred in 22 seconds
 (507739K bits/sec), in 1 file.
‘SRR6281874.fq.gz’ -> ‘GSM2850282_batch1.fq.gz’
Completed: 2127097K bytes transferred in 32 seconds
 (541431K bits/sec), in 1 file.
‘SRR6281876.fq.gz’ -> ‘GSM2850284_batch2.fq.gz’
Completed: 842205K bytes transferred in 15 seconds
 (431434K bits/sec), in 1 file.
‘SRR6281877.fq.gz’ -> ‘GSM2850285_batch2.fq.gz’
Completed: 416094K bytes transferred in 10 seconds
 (326404K bits/sec), in 1 file.
‘SRR6281878.fq.gz’ -> ‘GSM2850286_batch2.fq.gz’
Completed: 408959K bytes transferred in 8 seconds
 (394492K bits/sec), in 1 file.
‘SRR6281879.fq.gz’ -> ‘GSM2850287_batch2.fq.gz’
Completed: 373410K bytes transferred in 8 seconds
 (351235K bits/sec), in 1 file.
‘SRR6281880.fq.gz’ -> ‘GSM2850288_batch2.fq.gz’
Completed: 396231K bytes transferred in 11 seconds
 (284294K bits/sec), in 1 file.
‘SRR6281881.fq.gz’ -> ‘GSM2850289_batch2.fq.gz’
Completed: 373301K bytes transferred in 11 seconds
 (273772K bits/sec), in 1 file.
‘SRR6281882.fq.gz’ -> ‘GSM2850290_batch2.fq.gz’
Completed: 639284K bytes transferred in 15 seconds
 (329692K bits/sec), in 1 file.
‘SRR6281883.fq.gz’ -> ‘GSM2850291_batch2.fq.gz’
Completed: 1797744K bytes transferred in 31 seconds
 (470344K bits/sec), in 1 file.
‘SRR6281884.fq.gz’ -> ‘GSM2850292_batch2.fq.gz’
Completed: 708987K bytes transferred in 14 seconds
 (406250K bits/sec), in 1 file.
‘SRR6281867.fq.gz’ -> ‘GSM2850275_batch1.fq.gz’
Completed: 820689K bytes transferred in 15 seconds
 (423027K bits/sec), in 1 file.
‘SRR6281871.fq.gz’ -> ‘GSM2850279_batch1.fq.gz’
Completed: 390023K bytes transferred in 8 seconds
 (370054K bits/sec), in 1 file.
‘SRR6281873.fq.gz’ -> ‘GSM2850281_batch1.fq.gz’
Completed: 1021075K bytes transferred in 16 seconds
 (512271K bits/sec), in 1 file.
‘SRR6281875.fq.gz’ -> ‘GSM2850283_batch1.fq.gz’
Completed: 463934K bytes transferred in 9 seconds
 (404524K bits/sec), in 1 file.
‘SRR6281885.fq.gz’ -> ‘GSM2850293_batch2.fq.gz’
(1/19) Processing GSM2850276...
Downloading SRR6281868...
Renaming fastq files for GSM2850276...
(2/19) Processing GSM2850277...
Downloading SRR6281869...
Renaming fastq files for GSM2850277...
(3/19) Processing GSM2850278...
Downloading SRR6281870...
Renaming fastq files for GSM2850278...
(4/19) Processing GSM2850280...
Downloading SRR6281872...
Renaming fastq files for GSM2850280...
(5/19) Processing GSM2850282...
Downloading SRR6281874...
Renaming fastq files for GSM2850282...
(6/19) Processing GSM2850284...
Downloading SRR6281876...
Renaming fastq files for GSM2850284...
(7/19) Processing GSM2850285...
Downloading SRR6281877...
Renaming fastq files for GSM2850285...
(8/19) Processing GSM2850286...
Downloading SRR6281878...
Renaming fastq files for GSM2850286...
(9/19) Processing GSM2850287...
Downloading SRR6281879...
Renaming fastq files for GSM2850287...
(10/19) Processing GSM2850288...
Downloading SRR6281880...
Renaming fastq files for GSM2850288...
(11/19) Processing GSM2850289...
Downloading SRR6281881...
Renaming fastq files for GSM2850289...
(12/19) Processing GSM2850290...
Downloading SRR6281882...
Renaming fastq files for GSM2850290...
(13/19) Processing GSM2850291...
Downloading SRR6281883...
Renaming fastq files for GSM2850291...
(14/19) Processing GSM2850292...
Downloading SRR6281884...
Renaming fastq files for GSM2850292...
(15/19) Processing GSM2850275...
Downloading SRR6281867...
Renaming fastq files for GSM2850275...
(16/19) Processing GSM2850279...
Downloading SRR6281871...
Renaming fastq files for GSM2850279...
(17/19) Processing GSM2850281...
Downloading SRR6281873...
Renaming fastq files for GSM2850281...
(18/19) Processing GSM2850283...
Downloading SRR6281875...
Renaming fastq files for GSM2850283...
(19/19) Processing GSM2850293...
Downloading SRR6281885...
Renaming fastq files for GSM2850293...
