Changed directory to /rds/project/rs2099/rds-rs2099-toxgenomics/sita/GSE97744.

JobID: 27568543
======
Time: Thu 20 Aug 05:34:59 BST 2020
Running on master node: cpu-e-183
Current directory: /rds/project/rs2099/rds-rs2099-toxgenomics/sita/GSE97744

Nodes allocated:
================
cpu-e-183

numtasks=1, numnodes=1, mpi_tasks_per_node=1 (OMP_NUM_THREADS=1)

Executing command:
==================
mpirun -ppn 1 -np 1 Rscript /home/xwy21/project/sita/script/02_alignment_and_counting.R -m SraRunTable_GSE97744.txt

QuasR sample file(s) already created.
Organism: Homo sapiens
alignment files missing - need to:
    create 2 genomic alignment(s)
Testing the compute nodes...OK
Loading QuasR on the compute nodes...OK
Available cores:
cpu-e-183: 8
Performing genomic alignments for 2 samples. See progress in the log file:
/rds/project/rs2099/rds-rs2099-toxgenomics/sita/GSE97744/QuasR_log_120dd129695c2.txt
[bam_sort_core] merging from 1 files and 1 in-memory blocks...
[bam_sort_core] merging from 2 files and 1 in-memory blocks...
[bam_sort_core] merging from 1 files and 1 in-memory blocks...
[bam_sort_core] merging from 1 files and 1 in-memory blocks...
[bam_sort_core] merging from 2 files and 1 in-memory blocks...
[bam_sort_core] merging from 2 files and 1 in-memory blocks...
[bam_sort_core] merging from 3 files and 1 in-memory blocks...
[bam_sort_core] merging from 1 files and 1 in-memory blocks...
[bam_sort_core] merging from 1 files and 1 in-memory blocks...
[bam_sort_core] merging from 1 files and 1 in-memory blocks...
[bam_sort_core] merging from 1 files and 1 in-memory blocks...
[bam_sort_core] merging from 1 files and 1 in-memory blocks...
[bam_sort_core] merging from 1 files and 1 in-memory blocks...
[bam_sort_core] merging from 1 files and 1 in-memory blocks...
[bam_sort_core] merging from 1 files and 1 in-memory blocks...
[bam_sort_core] merging from 1 files and 1 in-memory blocks...
[bam_sort_core] merging from 1 files and 1 in-memory blocks...
[bam_sort_core] merging from 1 files and 1 in-memory blocks...
[bam_sort_core] merging from 1 files and 1 in-memory blocks...
[bam_sort_core] merging from 2 files and 1 in-memory blocks...
[bam_sort_core] merging from 1 files and 1 in-memory blocks...
[bam_sort_core] merging from 1 files and 1 in-memory blocks...
[bam_sort_core] merging from 2 files and 1 in-memory blocks...
[bam_sort_core] merging from 1 files and 1 in-memory blocks...
[bam_sort_core] merging from 1 files and 1 in-memory blocks...
[bam_sort_core] merging from 1 files and 1 in-memory blocks...
[bam_sort_core] merging from 1 files and 1 in-memory blocks...
[bam_sort_core] merging from 1 files and 1 in-memory blocks...
[bam_sort_core] merging from 1 files and 1 in-memory blocks...
[bam_sort_core] merging from 1 files and 1 in-memory blocks...
[bam_sort_core] merging from 1 files and 1 in-memory blocks...
Genomic alignments have been created successfully

Reading reference gene model /rds/project/rs2099/rds-rs2099-toxgenomics/shared/human/hg38_Gencode_V24.bed ... Done
Loading SAM/BAM file ...  Total 200000 usable reads were sampled


This is SingleEnd Data
Fraction of reads failed to determine: 0.0534
Fraction of reads explained by "++,--": 0.4725
Fraction of reads explained by "+-,-+": 0.4741

Stranded: FALSE
extracting exon coordinates
total number of genes/exons: 60669/348211
removing overlapping/single-exon/ambiguous genes (47863)
creating filtered regions for 12806 genes (21.1%) with 85921 exons (24.7%)
preparing to run on 8 nodes...done
counting alignments...done
collapsing counts by query name...done
preparing to run on 8 nodes...done
counting alignments...done
