Changed directory to /rds/project/rs2099/rds-rs2099-toxgenomics/sita/GSE105155.

JobID: 27652389
======
Time: Fri 21 Aug 05:18:57 BST 2020
Running on master node: cpu-e-467
Current directory: /rds/project/rs2099/rds-rs2099-toxgenomics/sita/GSE105155

Nodes allocated:
================
cpu-e-467

numtasks=1, numnodes=1, mpi_tasks_per_node=1 (OMP_NUM_THREADS=1)

Executing command:
==================
mpirun -ppn 1 -np 1 Rscript /home/xwy21/project/sita/script/02_alignment_and_counting.R -m SraRunTable_GSE105155.txt

Creating QuasR sample file(s)...
Organism: Mus musculus
alignment files missing - need to:
    create 11 genomic alignment(s)
Testing the compute nodes...OK
Loading QuasR on the compute nodes...OK
Available cores:
cpu-e-467: 8
Performing genomic alignments for 11 samples. See progress in the log file:
/rds/project/rs2099/rds-rs2099-toxgenomics/sita/GSE105155/QuasR_log_3dbd9292c2f14.txt
[bam_sort_core] merging from 1 files and 1 in-memory blocks...
[bam_sort_core] merging from 1 files and 1 in-memory blocks...
[bam_sort_core] merging from 1 files and 1 in-memory blocks...
[bam_sort_core] merging from 1 files and 1 in-memory blocks...
[bam_sort_core] merging from 1 files and 1 in-memory blocks...
[bam_sort_core] merging from 1 files and 1 in-memory blocks...
[bam_sort_core] merging from 1 files and 1 in-memory blocks...
[bam_sort_core] merging from 1 files and 1 in-memory blocks...
Error in checkForRemoteErrors(val) : 
  one node produced an error: Error on cpu-e-467 processing sample /rds/project/rs2099/rds-rs2099-toxgenomics/sita/GSE105155/fastq/siScr_LPS_rep1.fastq : Cluster setup failed. 1 worker of 8 failed to connect.
Calls: qAlign ... clusterApply -> staticClusterApply -> checkForRemoteErrors
Execution halted
