Changed directory to /rds/project/rs2099/rds-rs2099-toxgenomics/sita.

JobID: 27425985
======
Time: Thu 13 Aug 09:35:32 BST 2020
Running on master node: cpu-e-858
Current directory: /rds/project/rs2099/rds-rs2099-toxgenomics/sita

Nodes allocated:
================
cpu-e-858

numtasks=1, numnodes=1, mpi_tasks_per_node=1 (OMP_NUM_THREADS=1)

Executing command:
==================
mpirun -ppn 1 -np 1 Rscript /home/xwy21/project/sita/script/02_alignment_and_counting.R -i SampleFile_.txt -m SraRunTable_.txt

Traceback (most recent call last):
  File "/home/xwy21/project/sita/script/generate_samplefile.py", line 51, in <module>
    main()
  File "/home/xwy21/project/sita/script/generate_samplefile.py", line 16, in main
    metadata_df = pd.read_csv(metadata_path, header=0, sep=',')
  File "/home/xwy21/.conda/envs/seq/lib/python3.7/site-packages/pandas/io/parsers.py", line 685, in parser_f
    return _read(filepath_or_buffer, kwds)
  File "/home/xwy21/.conda/envs/seq/lib/python3.7/site-packages/pandas/io/parsers.py", line 457, in _read
    parser = TextFileReader(fp_or_buf, **kwds)
  File "/home/xwy21/.conda/envs/seq/lib/python3.7/site-packages/pandas/io/parsers.py", line 895, in __init__
    self._make_engine(self.engine)
  File "/home/xwy21/.conda/envs/seq/lib/python3.7/site-packages/pandas/io/parsers.py", line 1135, in _make_engine
    self._engine = CParserWrapper(self.f, **self.options)
  File "/home/xwy21/.conda/envs/seq/lib/python3.7/site-packages/pandas/io/parsers.py", line 1917, in __init__
    self._reader = parsers.TextReader(src, **kwds)
  File "pandas/_libs/parsers.pyx", line 382, in pandas._libs.parsers.TextReader.__cinit__
  File "pandas/_libs/parsers.pyx", line 689, in pandas._libs.parsers.TextReader._setup_parser_source
FileNotFoundError: [Errno 2] File b'SraRunTable_.txt' does not exist: b'SraRunTable_.txt'
Error in file(file, "rt") : cannot open the connection
Calls: read.table -> file
In addition: Warning message:
In file(file, "rt") :
  cannot open file 'SraRunTable_.txt': No such file or directory
Execution halted
