Changed directory to /rds/project/rs2099/rds-rs2099-toxgenomics/sita/GSE80304.

JobID: 27887167
======
Time: Thu 27 Aug 21:52:37 BST 2020
Running on master node: cpu-e-933
Current directory: /rds/project/rs2099/rds-rs2099-toxgenomics/sita/GSE80304

Nodes allocated:
================
cpu-e-933

numtasks=1, numnodes=1, mpi_tasks_per_node=1 (OMP_NUM_THREADS=1)

Executing command:
==================
mpirun -ppn 1 -np 1 Rscript /home/xwy21/project/sita/script/02_alignment_and_counting.R -m SraRunTable_GSE80304.txt -t 8

QuasR sample file(s) already created.
Organism: Mus musculus
all necessary alignment files found
Reading reference gene model /rds/project/rs2099/rds-rs2099-toxgenomics/shared/mouse/mm10_Gencode_VM18.bed ... Done
Loading SAM/BAM file ...  Total 200000 usable reads were sampled


This is PairEnd Data
Fraction of reads failed to determine: 0.0394
Fraction of reads explained by "1++,1--,2+-,2-+": 0.0837
Fraction of reads explained by "1+-,1-+,2++,2--": 0.8769

Stranded: TRUE
extracting exon coordinates
total number of genes/exons: 55401/290643
removing overlapping/single-exon/ambiguous genes (28366)
creating filtered regions for 27035 genes (48.8%) with 198913 exons (68.4%)
preparing to run on 8 nodes...done
counting alignments...done
collapsing counts by query name...done
preparing to run on 8 nodes...done
counting alignments...done
