Changed directory to /rds/project/rs2099/rds-rs2099-toxgenomics/sita_eisa/GSE112595.

JobID: 28269711
======
Time: Fri  4 Sep 12:32:51 BST 2020
Running on master node: cpu-e-102
Current directory: /rds/project/rs2099/rds-rs2099-toxgenomics/sita_eisa/GSE112595

Nodes allocated:
================
cpu-e-102

numtasks=1, numnodes=1, mpi_tasks_per_node=1 (OMP_NUM_THREADS=1)

Executing command:
==================
mpirun -ppn 1 -np 1 Rscript /home/xwy21/project/sita_eisa/script/02_alignment_and_counting.R -m SraRunTable_GSE112595.txt -t 32

QuasR sample file(s) already created.
Organism: Mus musculus
alignment files missing - need to:
    create 2 genomic alignment(s)
Testing the compute nodes...OK
Loading QuasR on the compute nodes...OK
Available cores:
cpu-e-102: 32
Performing genomic alignments for 2 samples. See progress in the log file:
/rds/project/rs2099/rds-rs2099-toxgenomics/sita_eisa/GSE112595/QuasR_log_396951eeb0357.txt
[bam_sort_core] merging from 1 files and 1 in-memory blocks...
[bam_sort_core] merging from 1 files and 1 in-memory blocks...
[bam_sort_core] merging from 1 files and 1 in-memory blocks...
[bam_sort_core] merging from 1 files and 1 in-memory blocks...
[bam_sort_core] merging from 1 files and 1 in-memory blocks...
[bam_sort_core] merging from 1 files and 1 in-memory blocks...
[bam_sort_core] merging from 1 files and 1 in-memory blocks...
[bam_sort_core] merging from 1 files and 1 in-memory blocks...
[bam_sort_core] merging from 1 files and 1 in-memory blocks...
[bam_sort_core] merging from 2 files and 1 in-memory blocks...
[bam_sort_core] merging from 2 files and 1 in-memory blocks...
[bam_sort_core] merging from 2 files and 1 in-memory blocks...
[bam_sort_core] merging from 2 files and 1 in-memory blocks...
[bam_sort_core] merging from 2 files and 1 in-memory blocks...
[bam_sort_core] merging from 2 files and 1 in-memory blocks...
[bam_sort_core] merging from 2 files and 1 in-memory blocks...
[bam_sort_core] merging from 3 files and 1 in-memory blocks...
[bam_sort_core] merging from 3 files and 1 in-memory blocks...
[bam_sort_core] merging from 1 files and 1 in-memory blocks...
[bam_sort_core] merging from 1 files and 1 in-memory blocks...
[bam_sort_core] merging from 1 files and 1 in-memory blocks...
[bam_sort_core] merging from 1 files and 1 in-memory blocks...
[bam_sort_core] merging from 1 files and 1 in-memory blocks...
[bam_sort_core] merging from 1 files and 1 in-memory blocks...
[bam_sort_core] merging from 1 files and 1 in-memory blocks...
[bam_sort_core] merging from 2 files and 1 in-memory blocks...
[bam_sort_core] merging from 2 files and 1 in-memory blocks...
[bam_sort_core] merging from 2 files and 1 in-memory blocks...
[bam_sort_core] merging from 2 files and 1 in-memory blocks...
[bam_sort_core] merging from 2 files and 1 in-memory blocks...
[bam_sort_core] merging from 2 files and 1 in-memory blocks...
[bam_sort_core] merging from 2 files and 1 in-memory blocks...
[bam_sort_core] merging from 2 files and 1 in-memory blocks...
[bam_sort_core] merging from 3 files and 1 in-memory blocks...
[bam_sort_core] merging from 4 files and 1 in-memory blocks...
[bam_sort_core] merging from 4 files and 1 in-memory blocks...
Genomic alignments have been created successfully

Reading reference gene model /rds/project/rs2099/rds-rs2099-toxgenomics/shared/mouse/mm10_Gencode_VM18.bed ... Done
Loading SAM/BAM file ...  Total 200000 usable reads were sampled


This is PairEnd Data
Fraction of reads failed to determine: 0.0483
Fraction of reads explained by "1++,1--,2+-,2-+": 0.0077
Fraction of reads explained by "1+-,1-+,2++,2--": 0.9441

Stranded: FALSE
extracting exon coordinates
total number of genes/exons: 55401/290643
removing overlapping/single-exon/ambiguous genes (38003)
creating filtered regions for 17398 genes (31.4%) with 116713 exons (40.2%)
preparing to run on 32 nodes...done
counting alignments...done
collapsing counts by query name...done
preparing to run on 32 nodes...done
counting alignments...done
