Changed directory to /rds/project/rs2099/rds-rs2099-toxgenomics/sita/GSE125036.

JobID: 27654911
======
Time: Fri 21 Aug 05:19:00 BST 2020
Running on master node: cpu-e-467
Current directory: /rds/project/rs2099/rds-rs2099-toxgenomics/sita/GSE125036

Nodes allocated:
================
cpu-e-467

numtasks=1, numnodes=1, mpi_tasks_per_node=1 (OMP_NUM_THREADS=1)

Executing command:
==================
mpirun -ppn 1 -np 1 Rscript /home/xwy21/project/sita/script/02_alignment_and_counting.R -m SraRunTable_GSE125036.txt

Creating QuasR sample file(s)...
Organism: Mus musculus
alignment files missing - need to:
    create 16 genomic alignment(s)
Testing the compute nodes...OK
Loading QuasR on the compute nodes...OK
Available cores:
cpu-e-467: 8
Performing genomic alignments for 16 samples. See progress in the log file:
/rds/project/rs2099/rds-rs2099-toxgenomics/sita/GSE125036/QuasR_log_3de16763f617d.txt
Genomic alignments have been created successfully

Reading reference gene model /rds/project/rs2099/rds-rs2099-toxgenomics/shared/mouse/mm10_Gencode_VM18.bed ... Done
Loading SAM/BAM file ...  Total 200000 usable reads were sampled


This is SingleEnd Data
Fraction of reads failed to determine: 0.0329
Fraction of reads explained by "++,--": 0.4827
Fraction of reads explained by "+-,-+": 0.4844

Stranded: FALSE
extracting exon coordinates
total number of genes/exons: 55401/290643
removing overlapping/single-exon/ambiguous genes (38003)
creating filtered regions for 17398 genes (31.4%) with 116713 exons (40.2%)
preparing to run on 8 nodes...done
counting alignments...done
collapsing counts by query name...done
preparing to run on 8 nodes...done
counting alignments...done
