Changed directory to /rds/project/rs2099/rds-rs2099-toxgenomics/sita_eisa/GSE81237.

JobID: 28217805
======
Time: Thu  3 Sep 13:43:24 BST 2020
Running on master node: cpu-e-825
Current directory: /rds/project/rs2099/rds-rs2099-toxgenomics/sita_eisa/GSE81237

Nodes allocated:
================
cpu-e-825

numtasks=1, numnodes=1, mpi_tasks_per_node=1 (OMP_NUM_THREADS=1)

Executing command:
==================
mpirun -ppn 1 -np 1 Rscript /home/xwy21/project/sita_eisa/script/02_alignment_and_counting.R -m SraRunTable_GSE81237.txt -t 32

QuasR sample file(s) already created.
Organism: Mus musculus
alignment files missing - need to:
    create 5 genomic alignment(s)
Testing the compute nodes...OK
Loading QuasR on the compute nodes...OK
Available cores:
cpu-e-825: 32
Performing genomic alignments for 5 samples. See progress in the log file:
/rds/project/rs2099/rds-rs2099-toxgenomics/sita_eisa/GSE81237/QuasR_log_518887672ad2e.txt
Genomic alignments have been created successfully

Reading reference gene model /rds/project/rs2099/rds-rs2099-toxgenomics/shared/mouse/mm10_Gencode_VM18.bed ... Done
Loading SAM/BAM file ...  Total 200000 usable reads were sampled


This is SingleEnd Data
Fraction of reads failed to determine: 0.0456
Fraction of reads explained by "++,--": 0.9369
Fraction of reads explained by "+-,-+": 0.0174

Stranded: TRUE
extracting exon coordinates
total number of genes/exons: 55401/290643
removing overlapping/single-exon/ambiguous genes (28366)
creating filtered regions for 27035 genes (48.8%) with 198913 exons (68.4%)
preparing to run on 32 nodes...done
counting alignments...done
collapsing counts by query name...done
preparing to run on 32 nodes...done
counting alignments...done
