Changed directory to /rds/project/rs2099/rds-rs2099-toxgenomics/sita_eisa/GSE88959.

JobID: 28247507
======
Time: Thu  3 Sep 14:25:49 BST 2020
Running on master node: cpu-e-17
Current directory: /rds/project/rs2099/rds-rs2099-toxgenomics/sita_eisa/GSE88959

Nodes allocated:
================
cpu-e-17

numtasks=1, numnodes=1, mpi_tasks_per_node=1 (OMP_NUM_THREADS=1)

Executing command:
==================
mpirun -ppn 1 -np 1 Rscript /home/xwy21/project/sita_eisa/script/02_alignment_and_counting.R -m SraRunTable_GSE88959.txt -t 32

Creating QuasR sample file(s)...
Organism: Mus musculus
alignment files missing - need to:
    create 16 genomic alignment(s)
Testing the compute nodes...OK
Loading QuasR on the compute nodes...OK
Available cores:
cpu-e-17: 32
Performing genomic alignments for 16 samples. See progress in the log file:
/rds/project/rs2099/rds-rs2099-toxgenomics/sita_eisa/GSE88959/QuasR_log_601bd34385c06.txt
Genomic alignments have been created successfully

Reading reference gene model /rds/project/rs2099/rds-rs2099-toxgenomics/shared/mouse/mm10_Gencode_VM18.bed ... Done
Loading SAM/BAM file ...  Finished
Total 173883 usable reads were sampled


This is PairEnd Data
Fraction of reads failed to determine: 0.0701
Fraction of reads explained by "1++,1--,2+-,2-+": 0.4654
Fraction of reads explained by "1+-,1-+,2++,2--": 0.4645

Stranded: FALSE
extracting exon coordinates
total number of genes/exons: 55401/290643
removing overlapping/single-exon/ambiguous genes (38003)
creating filtered regions for 17398 genes (31.4%) with 116713 exons (40.2%)
preparing to run on 32 nodes...done
counting alignments...done
collapsing counts by query name...done
preparing to run on 32 nodes...done
counting alignments...done
