Changed directory to /rds/project/rs2099/rds-rs2099-toxgenomics/sita/lps_mousemicroglia.

JobID: 27377542
======
Time: Tue Aug 11 17:35:29 BST 2020
Running on master node: cpu-e-1119
Current directory: /rds/project/rs2099/rds-rs2099-toxgenomics/sita/lps_mousemicroglia

Nodes allocated:
================
cpu-e-1119

numtasks=1, numnodes=1, mpi_tasks_per_node=1 (OMP_NUM_THREADS=1)

Executing command:
==================
mpirun -ppn 1 -np 1 Rscript /home/xwy21/project/sita/script/02_alignment_and_counting.R -i SampleFile.txt -m SraRunTable.txt

Organism: Mus musculus
all necessary alignment files found
Reading reference gene model /rds/project/rs2099/rds-rs2099-toxgenomics/shared/mouse/mm10_Gencode_VM18.bed ... Done
Loading SAM/BAM file ...  Total 200000 usable reads were sampled


This is SingleEnd Data
Fraction of reads failed to determine: 0.0537
Fraction of reads explained by "++,--": 0.4760
Fraction of reads explained by "+-,-+": 0.4703

Stranded: FALSE
extracting exon coordinates
total number of genes/exons: 55401/290643
removing overlapping/single-exon/ambiguous genes (38003)
creating filtered regions for 17398 genes (31.4%) with 116713 exons (40.2%)
counting alignments...done
collapsing counts by query name...done
counting alignments...done
