Changed directory to /rds/project/rs2099/rds-rs2099-toxgenomics/sita/naprt_macrophage.

JobID: 27289481
======
Time: Fri Aug  7 14:23:50 BST 2020
Running on master node: cpu-e-498
Current directory: /rds/project/rs2099/rds-rs2099-toxgenomics/sita/naprt_macrophage

Nodes allocated:
================
cpu-e-498

numtasks=1, numnodes=1, mpi_tasks_per_node=1 (OMP_NUM_THREADS=1)

Executing command:
==================
mpirun -ppn 1 -np 1 python3 /home/xwy21/project/sita/script/01_download_sra_to_fastq.py -i SRR_Acc_List.txt -o fastq

Traceback (most recent call last):
  File "/home/xwy21/project/sita/script/01_download_sra_to_fastq.py", line 34, in <module>
    main()
  File "/home/xwy21/project/sita/script/01_download_sra_to_fastq.py", line 18, in main
    outdir = mkdir(args.o)
  File "/home/xwy21/project/sita/script/01_download_sra_to_fastq.py", line 8, in mkdir
    return new_dir
NameError: name 'new_dir' is not defined
