Changed directory to /rds/project/rs2099/rds-rs2099-toxgenomics/sita/GSE120807.

JobID: 27568549
======
Time: Thu 20 Aug 05:34:59 BST 2020
Running on master node: cpu-e-208
Current directory: /rds/project/rs2099/rds-rs2099-toxgenomics/sita/GSE120807

Nodes allocated:
================
cpu-e-208

numtasks=1, numnodes=1, mpi_tasks_per_node=1 (OMP_NUM_THREADS=1)

Executing command:
==================
mpirun -ppn 1 -np 1 Rscript /home/xwy21/project/sita/script/02_alignment_and_counting.R -m SraRunTable_GSE120807.txt

QuasR sample file(s) already created.
Organism: Mus musculus
alignment files missing - need to:
    create 10 genomic alignment(s)
Testing the compute nodes...OK
Loading QuasR on the compute nodes...OK
Available cores:
cpu-e-208: 8
Performing genomic alignments for 10 samples. See progress in the log file:
/rds/project/rs2099/rds-rs2099-toxgenomics/sita/GSE120807/QuasR_log_1214f535408c0.txt
Genomic alignments have been created successfully

Reading reference gene model /rds/project/rs2099/rds-rs2099-toxgenomics/shared/mouse/mm10_Gencode_VM18.bed ... Done
Loading SAM/BAM file ...  Total 200000 usable reads were sampled


This is SingleEnd Data
Fraction of reads failed to determine: 0.0279
Fraction of reads explained by "++,--": 0.4919
Fraction of reads explained by "+-,-+": 0.4803

Stranded: FALSE
extracting exon coordinates
total number of genes/exons: 55401/290643
removing overlapping/single-exon/ambiguous genes (38003)
creating filtered regions for 17398 genes (31.4%) with 116713 exons (40.2%)
preparing to run on 8 nodes...done
counting alignments...done
collapsing counts by query name...done
preparing to run on 8 nodes...done
counting alignments...done
