Changed directory to /rds/project/rs2099/rds-rs2099-toxgenomics/sita.

JobID: 27428819
======
Time: Thu 13 Aug 03:20:28 BST 2020
Running on master node: cpu-e-1132
Current directory: /rds/project/rs2099/rds-rs2099-toxgenomics/sita

Nodes allocated:
================
cpu-e-1132

numtasks=1, numnodes=1, mpi_tasks_per_node=1 (OMP_NUM_THREADS=1)

Executing command:
==================
mpirun -ppn 1 -np 1 python3 /home/xwy21/project/sita/script/01_download_sra_to_fastq.py -i SRR_Acc_List_.txt -m SraRunTable_.txt

mkdir: cannot create directory ‘bam’: File exists
mkdir: cannot create directory ‘processed’: File exists
mkdir: cannot create directory ‘cache’: File exists
mkdir: cannot create directory ‘fastq’: File exists
Traceback (most recent call last):
  File "/home/xwy21/project/sita/script/01_download_sra_to_fastq.py", line 51, in <module>
    main()
  File "/home/xwy21/project/sita/script/01_download_sra_to_fastq.py", line 24, in main
    with open(str(input_path), 'r') as acc_list:
FileNotFoundError: [Errno 2] No such file or directory: 'SRR_Acc_List_.txt'
