Changed directory to /rds/project/rs2099/rds-rs2099-toxgenomics/sita/thap_hek.

JobID: 27175831
======
Time: Wed Aug  5 09:39:03 BST 2020
Running on master node: cpu-e-407
Current directory: /rds/project/rs2099/rds-rs2099-toxgenomics/sita/thap_hek

Nodes allocated:
================
cpu-e-407

numtasks=1, numnodes=1, mpi_tasks_per_node=1 (OMP_NUM_THREADS=1)

Executing command:
==================
mpirun -ppn 1 -np 1 Rscript /home/xwy21/project/sita/script/02_alignment_and_counting.R -i SampleFile.txt --stranded


Attaching package: ‘Biostrings’

The following object is masked from ‘package:base’:

    strsplit

alignment files missing - need to:
    create alignment index for the genome
    create 8 genomic alignment(s)
Creating an Rhisat2 index for /rds/project/rs2099/rds-rs2099-toxgenomics/sita/thap_hek/cache/RtmpFxeTjv/file498af5174a32b.fa
Finished creating index
Installing package into ‘/home/xwy21/R/x86_64-pc-linux-gnu-library/4.0’
(as ‘lib’ is unspecified)
* installing *source* package ‘BSgenome.Hsapiens.UCSC.hg38.Rhisat2’ ...
** using staged installation
** inst
** help
*** installing help indices
** building package indices
** testing if installed package can be loaded from temporary location
** testing if installed package can be loaded from final location
** testing if installed package keeps a record of temporary installation path
* DONE (BSgenome.Hsapiens.UCSC.hg38.Rhisat2)
Testing the compute nodes...OK
Loading QuasR on the compute nodes...OK
Available cores:
cpu-e-407: 1
Performing genomic alignments for 8 samples. See progress in the log file:
/rds/project/rs2099/rds-rs2099-toxgenomics/sita/thap_hek/QuasR_log_498af5fe0ec6.txt
[bam_sort_core] merging from 8 files and 1 in-memory blocks...
[bam_sort_core] merging from 8 files and 1 in-memory blocks...
[bam_sort_core] merging from 8 files and 1 in-memory blocks...
[bam_sort_core] merging from 9 files and 1 in-memory blocks...
[bam_sort_core] merging from 11 files and 1 in-memory blocks...
[bam_sort_core] merging from 7 files and 1 in-memory blocks...
[bam_sort_core] merging from 8 files and 1 in-memory blocks...
[bam_sort_core] merging from 7 files and 1 in-memory blocks...
Genomic alignments have been created successfully

Fetch transcripts and genes from Ensembl ... OK
  (fetched 250776 transcripts from 68008 genes)
Fetch exons and CDS from Ensembl ... OK
Fetch chromosome names and lengths from Ensembl ...OK
Gather the metadata ... OK
Make the TxDb object ... OK
Error in getRegionsFromTxDb(txdb = txdb, strandedData = TRUE) : 
  could not find function "getRegionsFromTxDb"
Execution halted
